0 info it worked if it ends with ok
1 verbose cli [ '/home/amv/.nvm/versions/node/v7.6.0/bin/node',
1 verbose cli   '/home/amv/.nvm/versions/node/v7.6.0/bin/npm',
1 verbose cli   'run',
1 verbose cli   'test' ]
2 info using npm@4.1.2
3 info using node@v7.6.0
4 verbose run-script [ 'pretest', 'test', 'posttest' ]
5 info lifecycle korero-mai@0.0.0~pretest: korero-mai@0.0.0
6 silly lifecycle korero-mai@0.0.0~pretest: no script for pretest, continuing
7 info lifecycle korero-mai@0.0.0~test: korero-mai@0.0.0
8 verbose lifecycle korero-mai@0.0.0~test: unsafe-perm in lifecycle true
9 verbose lifecycle korero-mai@0.0.0~test: PATH: /home/amv/.nvm/versions/node/v7.6.0/lib/node_modules/npm/bin/node-gyp-bin:/home/amv/Workspace/KoreroMai2/node_modules/.bin:/home/amv/.nvm/versions/node/v7.6.0/bin:/home/amv/bin:/home/amv/.local/bin:/usr/local/sbin:/usr/local/bin:/usr/sbin:/usr/bin:/sbin:/bin:/usr/games:/usr/local/games:/snap/bin
10 verbose lifecycle korero-mai@0.0.0~test: CWD: /home/amv/Workspace/KoreroMai2
11 silly lifecycle korero-mai@0.0.0~test: Args: [ '-c', 'ava tests/**/*.js --serial --verbose' ]
12 silly lifecycle korero-mai@0.0.0~test: Returned: code: 1  signal: null
13 info lifecycle korero-mai@0.0.0~test: Failed to exec test script
14 verbose stack Error: korero-mai@0.0.0 test: `ava tests/**/*.js --serial --verbose`
14 verbose stack Exit status 1
14 verbose stack     at EventEmitter.<anonymous> (/home/amv/.nvm/versions/node/v7.6.0/lib/node_modules/npm/lib/utils/lifecycle.js:279:16)
14 verbose stack     at emitTwo (events.js:106:13)
14 verbose stack     at EventEmitter.emit (events.js:192:7)
14 verbose stack     at ChildProcess.<anonymous> (/home/amv/.nvm/versions/node/v7.6.0/lib/node_modules/npm/lib/utils/spawn.js:40:14)
14 verbose stack     at emitTwo (events.js:106:13)
14 verbose stack     at ChildProcess.emit (events.js:192:7)
14 verbose stack     at maybeClose (internal/child_process.js:890:16)
14 verbose stack     at Process.ChildProcess._handle.onexit (internal/child_process.js:226:5)
15 verbose pkgid korero-mai@0.0.0
16 verbose cwd /home/amv/Workspace/KoreroMai2
17 error Linux 4.4.0-75-generic
18 error argv "/home/amv/.nvm/versions/node/v7.6.0/bin/node" "/home/amv/.nvm/versions/node/v7.6.0/bin/npm" "run" "test"
19 error node v7.6.0
20 error npm  v4.1.2
21 error code ELIFECYCLE
22 error korero-mai@0.0.0 test: `ava tests/**/*.js --serial --verbose`
22 error Exit status 1
23 error Failed at the korero-mai@0.0.0 test script 'ava tests/**/*.js --serial --verbose'.
23 error Make sure you have the latest version of node.js and npm installed.
23 error If you do, this is most likely a problem with the korero-mai package,
23 error not with npm itself.
23 error Tell the author that this fails on your system:
23 error     ava tests/**/*.js --serial --verbose
23 error You can get information on how to open an issue for this project with:
23 error     npm bugs korero-mai
23 error Or if that isn't available, you can get their info via:
23 error     npm owner ls korero-mai
23 error There is likely additional logging output above.
24 verbose exit [ 1, true ]
